<?xml version="1.0" encoding="UTF-8"?>
<testsuite name="com.chent57.test.IOCTest" tests="1" skipped="0" failures="0" errors="0" timestamp="2020-08-10T12:10:07" hostname="192.168.0.105" time="0.004">
  <properties/>
  <testcase name="test04_Import" classname="com.chent57.test.IOCTest" time="0.004"/>
  <system-out><![CDATA[org.springframework.context.annotation.internalConfigurationAnnotationProcessor
org.springframework.context.annotation.internalAutowiredAnnotationProcessor
org.springframework.context.annotation.internalCommonAnnotationProcessor
org.springframework.context.event.internalEventListenerProcessor
org.springframework.context.event.internalEventListenerFactory
mainConfig2
com.chent57.bean.Color
com.chent57.bean.Red
com.chent57.bean.Blue
com.chent57.bean.Yellow
person
jobs
rainBow
com.chent57.bean.Blue@d7c344
]]></system-out>
  <system-err><![CDATA[]]></system-err>
</testsuite>
